\BOOKMARK [1][-]{section.1}{\376\377\000F\000o\000u\000n\000d\000a\000t\000i\000o\000n\000s\000\040\000o\000f\000\040\000D\000i\000g\000i\000t\000a\000l\000\040\000S\000i\000g\000n\000a\000l\000\040\000P\000r\000o\000c\000e\000s\000s\000i\000n\000g}{}% 1
\BOOKMARK [2][-]{subsection.1.1}{\376\377\000I\000n\000t\000r\000o\000d\000u\000c\000t\000i\000o\000n\000\040\000t\000o\000\040\000D\000i\000s\000c\000r\000e\000t\000e\000-\000T\000i\000m\000e\000\040\000S\000i\000g\000n\000a\000l\000s}{section.1}% 2
\BOOKMARK [3][-]{subsubsection.1.1.1}{\376\377\000C\000o\000m\000m\000o\000n\000\040\000S\000i\000g\000n\000a\000l\000\040\000S\000e\000q\000u\000e\000n\000c\000e\000s}{subsection.1.1}% 3
\BOOKMARK [2][-]{subsection.1.2}{\376\377\000S\000a\000m\000p\000l\000i\000n\000g\000\040\000a\000n\000d\000\040\000A\000l\000i\000a\000s\000i\000n\000g}{section.1}% 4
\BOOKMARK [2][-]{subsection.1.3}{\376\377\000Q\000u\000a\000n\000t\000i\000z\000a\000t\000i\000o\000n\000\040\000a\000n\000d\000\040\000C\000o\000d\000i\000n\000g}{section.1}% 5
\BOOKMARK [2][-]{subsection.1.4}{\376\377\000L\000i\000n\000e\000a\000r\000\040\000T\000i\000m\000e\000-\000I\000n\000v\000a\000r\000i\000a\000n\000t\000\040\000\050\000L\000T\000I\000\051\000\040\000S\000y\000s\000t\000e\000m\000s}{section.1}% 6
\BOOKMARK [3][-]{subsubsection.1.4.1}{\376\377\000T\000h\000e\000\040\000C\000o\000n\000v\000o\000l\000u\000t\000i\000o\000n\000\040\000S\000u\000m}{subsection.1.4}% 7
\BOOKMARK [2][-]{subsection.1.5}{\376\377\000S\000t\000a\000b\000i\000l\000i\000t\000y\000\040\000a\000n\000d\000\040\000C\000a\000u\000s\000a\000l\000i\000t\000y}{section.1}% 8
\BOOKMARK [2][-]{subsection.1.6}{\376\377\000D\000i\000f\000f\000e\000r\000e\000n\000c\000e\000\040\000E\000q\000u\000a\000t\000i\000o\000n\000s}{section.1}% 9
\BOOKMARK [2][-]{subsection.1.7}{\376\377\000T\000h\000e\000\040\000Z\000-\000T\000r\000a\000n\000s\000f\000o\000r\000m}{section.1}% 10
\BOOKMARK [3][-]{subsubsection.1.7.1}{\376\377\000P\000r\000o\000p\000e\000r\000t\000i\000e\000s\000\040\000o\000f\000\040\000t\000h\000e\000\040\000Z\000-\000T\000r\000a\000n\000s\000f\000o\000r\000m}{subsection.1.7}% 11
\BOOKMARK [2][-]{subsection.1.8}{\376\377\000F\000i\000l\000t\000e\000r\000\040\000S\000t\000r\000u\000c\000t\000u\000r\000e\000s}{section.1}% 12
\BOOKMARK [2][-]{subsection.1.9}{\376\377\000G\000r\000o\000u\000p\000\040\000D\000e\000l\000a\000y\000\040\000a\000n\000d\000\040\000P\000h\000a\000s\000e\000\040\000A\000n\000a\000l\000y\000s\000i\000s}{section.1}% 13
\BOOKMARK [2][-]{subsection.1.10}{\376\377\000T\000h\000e\000\040\000H\000i\000l\000b\000e\000r\000t\000\040\000T\000r\000a\000n\000s\000f\000o\000r\000m}{section.1}% 14
\BOOKMARK [2][-]{subsection.1.11}{\376\377\000M\000u\000l\000t\000i\000-\000r\000a\000t\000e\000\040\000S\000i\000g\000n\000a\000l\000\040\000P\000r\000o\000c\000e\000s\000s\000i\000n\000g}{section.1}% 15
\BOOKMARK [3][-]{subsubsection.1.11.1}{\376\377\000D\000e\000c\000i\000m\000a\000t\000i\000o\000n\000\040\000a\000n\000d\000\040\000A\000l\000i\000a\000s\000i\000n\000g}{subsection.1.11}% 16
\BOOKMARK [3][-]{subsubsection.1.11.2}{\376\377\000I\000n\000t\000e\000r\000p\000o\000l\000a\000t\000i\000o\000n\000\040\000a\000n\000d\000\040\000I\000m\000a\000g\000i\000n\000g}{subsection.1.11}% 17
\BOOKMARK [2][-]{subsection.1.12}{\376\377\000S\000a\000m\000p\000l\000i\000n\000g\000\040\000o\000f\000\040\000B\000a\000n\000d\000p\000a\000s\000s\000\040\000S\000i\000g\000n\000a\000l\000s}{section.1}% 18
\BOOKMARK [2][-]{subsection.1.13}{\376\377\000I\000n\000-\000D\000e\000p\000t\000h\000\040\000A\000n\000a\000l\000y\000s\000i\000s\000:\000\040\000L\000T\000I\000\040\000S\000y\000s\000t\000e\000m\000s}{section.1}% 19
\BOOKMARK [2][-]{subsection.1.14}{\376\377\000I\000n\000-\000D\000e\000p\000t\000h\000\040\000A\000n\000a\000l\000y\000s\000i\000s\000:\000\040\000Z\000-\000T\000r\000a\000n\000s\000f\000o\000r\000m}{section.1}% 20
\BOOKMARK [2][-]{subsection.1.15}{\376\377\000I\000n\000-\000D\000e\000p\000t\000h\000\040\000A\000n\000a\000l\000y\000s\000i\000s\000:\000\040\000D\000i\000f\000f\000e\000r\000e\000n\000c\000e\000\040\000E\000q\000u\000a\000t\000i\000o\000n\000s}{section.1}% 21
\BOOKMARK [2][-]{subsection.1.16}{\376\377\000I\000n\000-\000D\000e\000p\000t\000h\000\040\000A\000n\000a\000l\000y\000s\000i\000s\000:\000\040\000N\000y\000q\000u\000i\000s\000t}{section.1}% 22
\BOOKMARK [1][-]{section.2}{\376\377\000A\000d\000v\000a\000n\000c\000e\000d\000\040\000S\000p\000e\000c\000t\000r\000a\000l\000\040\000A\000n\000a\000l\000y\000s\000i\000s}{}% 23
\BOOKMARK [2][-]{subsection.2.1}{\376\377\000T\000h\000e\000\040\000D\000i\000s\000c\000r\000e\000t\000e\000\040\000F\000o\000u\000r\000i\000e\000r\000\040\000T\000r\000a\000n\000s\000f\000o\000r\000m\000\040\000\050\000D\000F\000T\000\051}{section.2}% 24
\BOOKMARK [2][-]{subsection.2.2}{\376\377\000P\000r\000o\000p\000e\000r\000t\000i\000e\000s\000\040\000o\000f\000\040\000t\000h\000e\000\040\000D\000F\000T}{section.2}% 25
\BOOKMARK [2][-]{subsection.2.3}{\376\377\000T\000h\000e\000\040\000F\000a\000s\000t\000\040\000F\000o\000u\000r\000i\000e\000r\000\040\000T\000r\000a\000n\000s\000f\000o\000r\000m\000\040\000\050\000F\000F\000T\000\051}{section.2}% 26
\BOOKMARK [3][-]{subsubsection.2.3.1}{\376\377\000R\000a\000d\000i\000x\000-\0002\000\040\000D\000I\000T\000\040\000\050\000D\000e\000c\000i\000m\000a\000t\000i\000o\000n\000-\000i\000n\000-\000T\000i\000m\000e\000\051}{subsection.2.3}% 27
\BOOKMARK [3][-]{subsubsection.2.3.2}{\376\377\000R\000a\000d\000i\000x\000-\0004\000\040\000a\000n\000d\000\040\000S\000p\000l\000i\000t\000-\000R\000a\000d\000i\000x\000\040\000A\000l\000g\000o\000r\000i\000t\000h\000m\000s}{subsection.2.3}% 28
\BOOKMARK [2][-]{subsection.2.4}{\376\377\000S\000p\000e\000c\000t\000r\000a\000l\000\040\000E\000s\000t\000i\000m\000a\000t\000i\000o\000n\000:\000\040\000N\000o\000n\000-\000P\000a\000r\000a\000m\000e\000t\000r\000i\000c\000\040\000M\000e\000t\000h\000o\000d\000s}{section.2}% 29
\BOOKMARK [3][-]{subsubsection.2.4.1}{\376\377\000T\000h\000e\000\040\000P\000e\000r\000i\000o\000d\000o\000g\000r\000a\000m}{subsection.2.4}% 30
\BOOKMARK [3][-]{subsubsection.2.4.2}{\376\377\000W\000e\000l\000c\000h\000'\000s\000\040\000M\000e\000t\000h\000o\000d}{subsection.2.4}% 31
\BOOKMARK [2][-]{subsection.2.5}{\376\377\000W\000i\000n\000d\000o\000w\000i\000n\000g\000\040\000F\000u\000n\000c\000t\000i\000o\000n\000s}{section.2}% 32
\BOOKMARK [2][-]{subsection.2.6}{\376\377\000P\000a\000r\000a\000m\000e\000t\000r\000i\000c\000\040\000S\000p\000e\000c\000t\000r\000a\000l\000\040\000E\000s\000t\000i\000m\000a\000t\000i\000o\000n}{section.2}% 33
\BOOKMARK [3][-]{subsubsection.2.6.1}{\376\377\000A\000u\000t\000o\000r\000e\000g\000r\000e\000s\000s\000i\000v\000e\000\040\000\050\000A\000R\000\051\000\040\000M\000o\000d\000e\000l\000s}{subsection.2.6}% 34
\BOOKMARK [3][-]{subsubsection.2.6.2}{\376\377\000M\000o\000v\000i\000n\000g\000\040\000A\000v\000e\000r\000a\000g\000e\000\040\000\050\000M\000A\000\051\000\040\000a\000n\000d\000\040\000A\000R\000M\000A\000\040\000M\000o\000d\000e\000l\000s}{subsection.2.6}% 35
\BOOKMARK [2][-]{subsection.2.7}{\376\377\000H\000i\000g\000h\000-\000R\000e\000s\000o\000l\000u\000t\000i\000o\000n\000\040\000S\000u\000b\000s\000p\000a\000c\000e\000\040\000M\000e\000t\000h\000o\000d\000s}{section.2}% 36
\BOOKMARK [2][-]{subsection.2.8}{\376\377\000T\000i\000m\000e\000-\000F\000r\000e\000q\000u\000e\000n\000c\000y\000\040\000A\000n\000a\000l\000y\000s\000i\000s\000:\000\040\000T\000h\000e\000\040\000S\000T\000F\000T}{section.2}% 37
\BOOKMARK [3][-]{subsubsection.2.8.1}{\376\377\000T\000h\000e\000\040\000S\000p\000e\000c\000t\000r\000o\000g\000r\000a\000m}{subsection.2.8}% 38
\BOOKMARK [2][-]{subsection.2.9}{\376\377\000T\000h\000e\000\040\000D\000i\000s\000c\000r\000e\000t\000e\000\040\000C\000o\000s\000i\000n\000e\000\040\000T\000r\000a\000n\000s\000f\000o\000r\000m\000\040\000\050\000D\000C\000T\000\051}{section.2}% 39
\BOOKMARK [2][-]{subsection.2.10}{\376\377\000I\000n\000-\000D\000e\000p\000t\000h\000\040\000A\000n\000a\000l\000y\000s\000i\000s\000:\000\040\000D\000i\000s\000c\000r\000e\000t\000e\000\040\000F\000o\000u\000r\000i\000e\000r\000\040\000T\000r\000a\000n\000s\000f\000o\000r\000m}{section.2}% 40
\BOOKMARK [2][-]{subsection.2.11}{\376\377\000I\000n\000-\000D\000e\000p\000t\000h\000\040\000A\000n\000a\000l\000y\000s\000i\000s\000:\000\040\000W\000i\000n\000d\000o\000w\000i\000n\000g}{section.2}% 41
\BOOKMARK [2][-]{subsection.2.12}{\376\377\000I\000n\000-\000D\000e\000p\000t\000h\000\040\000A\000n\000a\000l\000y\000s\000i\000s\000:\000\040\000L\000e\000a\000k\000a\000g\000e}{section.2}% 42
\BOOKMARK [2][-]{subsection.2.13}{\376\377\000I\000n\000-\000D\000e\000p\000t\000h\000\040\000A\000n\000a\000l\000y\000s\000i\000s\000:\000\040\000F\000F\000T}{section.2}% 43
\BOOKMARK [1][-]{section.3}{\376\377\000D\000i\000g\000i\000t\000a\000l\000\040\000F\000i\000l\000t\000e\000r\000\040\000D\000e\000s\000i\000g\000n\000\040\000a\000n\000d\000\040\000I\000m\000p\000l\000e\000m\000e\000n\000t\000a\000t\000i\000o\000n}{}% 44
\BOOKMARK [2][-]{subsection.3.1}{\376\377\000F\000i\000n\000i\000t\000e\000\040\000I\000m\000p\000u\000l\000s\000e\000\040\000R\000e\000s\000p\000o\000n\000s\000e\000\040\000\050\000F\000I\000R\000\051\000\040\000F\000i\000l\000t\000e\000r\000s}{section.3}% 45
\BOOKMARK [3][-]{subsubsection.3.1.1}{\376\377\000L\000i\000n\000e\000a\000r\000\040\000P\000h\000a\000s\000e\000\040\000P\000r\000o\000p\000e\000r\000t\000y}{subsection.3.1}% 46
\BOOKMARK [3][-]{subsubsection.3.1.2}{\376\377\000W\000i\000n\000d\000o\000w\000\040\000M\000e\000t\000h\000o\000d\000\040\000D\000e\000s\000i\000g\000n}{subsection.3.1}% 47
\BOOKMARK [3][-]{subsubsection.3.1.3}{\376\377\000O\000p\000t\000i\000m\000a\000l\000\040\000F\000I\000R\000\040\000D\000e\000s\000i\000g\000n\000:\000\040\000P\000a\000r\000k\000s\000-\000M\000c\000C\000l\000e\000l\000l\000a\000n\000\040\000A\000l\000g\000o\000r\000i\000t\000h\000m}{subsection.3.1}% 48
\BOOKMARK [2][-]{subsection.3.2}{\376\377\000I\000n\000f\000i\000n\000i\000t\000e\000\040\000I\000m\000p\000u\000l\000s\000e\000\040\000R\000e\000s\000p\000o\000n\000s\000e\000\040\000\050\000I\000I\000R\000\051\000\040\000F\000i\000l\000t\000e\000r\000s}{section.3}% 49
\BOOKMARK [3][-]{subsubsection.3.2.1}{\376\377\000C\000l\000a\000s\000s\000i\000c\000\040\000A\000n\000a\000l\000o\000g\000\040\000A\000p\000p\000r\000o\000x\000i\000m\000a\000t\000i\000o\000n\000s}{subsection.3.2}% 50
\BOOKMARK [3][-]{subsubsection.3.2.2}{\376\377\000T\000h\000e\000\040\000B\000i\000l\000i\000n\000e\000a\000r\000\040\000T\000r\000a\000n\000s\000f\000o\000r\000m}{subsection.3.2}% 51
\BOOKMARK [2][-]{subsection.3.3}{\376\377\000F\000i\000l\000t\000e\000r\000\040\000S\000t\000r\000u\000c\000t\000u\000r\000e\000s\000\040\000a\000n\000d\000\040\000F\000i\000n\000i\000t\000e\000\040\000W\000o\000r\000d\000-\000L\000e\000n\000g\000t\000h\000\040\000E\000f\000f\000e\000c\000t\000s}{section.3}% 52
\BOOKMARK [2][-]{subsection.3.4}{\376\377\000F\000r\000e\000q\000u\000e\000n\000c\000y\000\040\000S\000a\000m\000p\000l\000i\000n\000g\000\040\000M\000e\000t\000h\000o\000d}{section.3}% 53
\BOOKMARK [2][-]{subsection.3.5}{\376\377\000C\000o\000m\000p\000a\000r\000i\000s\000o\000n\000\040\000o\000f\000\040\000F\000I\000R\000\040\000a\000n\000d\000\040\000I\000I\000R\000\040\000F\000i\000l\000t\000e\000r\000s}{section.3}% 54
\BOOKMARK [2][-]{subsection.3.6}{\376\377\000I\000n\000-\000D\000e\000p\000t\000h\000\040\000A\000n\000a\000l\000y\000s\000i\000s\000:\000\040\000F\000I\000R\000\040\000F\000i\000l\000t\000e\000r\000s}{section.3}% 55
\BOOKMARK [2][-]{subsection.3.7}{\376\377\000I\000n\000-\000D\000e\000p\000t\000h\000\040\000A\000n\000a\000l\000y\000s\000i\000s\000:\000\040\000I\000I\000R\000\040\000F\000i\000l\000t\000e\000r\000s}{section.3}% 56
\BOOKMARK [2][-]{subsection.3.8}{\376\377\000I\000n\000-\000D\000e\000p\000t\000h\000\040\000A\000n\000a\000l\000y\000s\000i\000s\000:\000\040\000P\000a\000r\000k\000s\000-\000M\000c\000C\000l\000e\000l\000l\000a\000n\000\040\000A\000l\000g\000o\000r\000i\000t\000h\000m}{section.3}% 57
\BOOKMARK [2][-]{subsection.3.9}{\376\377\000I\000n\000-\000D\000e\000p\000t\000h\000\040\000A\000n\000a\000l\000y\000s\000i\000s\000:\000\040\000B\000u\000t\000t\000e\000r\000w\000o\000r\000t\000h}{section.3}% 58
\BOOKMARK [1][-]{section.4}{\376\377\000D\000i\000g\000i\000t\000a\000l\000\040\000C\000o\000m\000m\000u\000n\000i\000c\000a\000t\000i\000o\000n\000\040\000S\000y\000s\000t\000e\000m\000s}{}% 59
\BOOKMARK [2][-]{subsection.4.1}{\376\377\000I\000n\000t\000r\000o\000d\000u\000c\000t\000i\000o\000n\000\040\000t\000o\000\040\000D\000i\000g\000i\000t\000a\000l\000\040\000C\000o\000m\000m\000u\000n\000i\000c\000a\000t\000i\000o\000n}{section.4}% 60
\BOOKMARK [2][-]{subsection.4.2}{\376\377\000S\000i\000g\000n\000a\000l\000\040\000S\000p\000a\000c\000e\000\040\000C\000o\000n\000c\000e\000p\000t\000s}{section.4}% 61
\BOOKMARK [2][-]{subsection.4.3}{\376\377\000P\000u\000l\000s\000e\000\040\000S\000h\000a\000p\000i\000n\000g\000\040\000a\000n\000d\000\040\000t\000h\000e\000\040\000N\000y\000q\000u\000i\000s\000t\000\040\000C\000r\000i\000t\000e\000r\000i\000o\000n}{section.4}% 62
\BOOKMARK [3][-]{subsubsection.4.3.1}{\376\377\000R\000a\000i\000s\000e\000d\000\040\000C\000o\000s\000i\000n\000e\000\040\000F\000i\000l\000t\000e\000r}{subsection.4.3}% 63
\BOOKMARK [3][-]{subsubsection.4.3.2}{\376\377\000R\000o\000o\000t\000\040\000R\000a\000i\000s\000e\000d\000\040\000C\000o\000s\000i\000n\000e\000\040\000\050\000R\000R\000C\000\051\000\040\000F\000i\000l\000t\000e\000r}{subsection.4.3}% 64
\BOOKMARK [2][-]{subsection.4.4}{\376\377\000M\000o\000d\000u\000l\000a\000t\000i\000o\000n\000\040\000S\000c\000h\000e\000m\000e\000s}{section.4}% 65
\BOOKMARK [3][-]{subsubsection.4.4.1}{\376\377\000M\000-\000a\000r\000y\000\040\000P\000h\000a\000s\000e\000\040\000S\000h\000i\000f\000t\000\040\000K\000e\000y\000i\000n\000g\000\040\000\050\000M\000-\000P\000S\000K\000\051}{subsection.4.4}% 66
\BOOKMARK [3][-]{subsubsection.4.4.2}{\376\377\000Q\000u\000a\000d\000r\000a\000t\000u\000r\000e\000\040\000A\000m\000p\000l\000i\000t\000u\000d\000e\000\040\000M\000o\000d\000u\000l\000a\000t\000i\000o\000n\000\040\000\050\000Q\000A\000M\000\051}{subsection.4.4}% 67
\BOOKMARK [2][-]{subsection.4.5}{\376\377\000C\000o\000n\000t\000i\000n\000u\000o\000u\000s\000\040\000P\000h\000a\000s\000e\000\040\000M\000o\000d\000u\000l\000a\000t\000i\000o\000n\000\040\000\050\000C\000P\000M\000\051}{section.4}% 68
\BOOKMARK [3][-]{subsubsection.4.5.1}{\376\377\000G\000a\000u\000s\000s\000i\000a\000n\000\040\000M\000i\000n\000i\000m\000u\000m\000\040\000S\000h\000i\000f\000t\000\040\000K\000e\000y\000i\000n\000g\000\040\000\050\000G\000M\000S\000K\000\051}{subsection.4.5}% 69
\BOOKMARK [2][-]{subsection.4.6}{\376\377\000C\000a\000r\000r\000i\000e\000r\000\040\000a\000n\000d\000\040\000S\000y\000m\000b\000o\000l\000\040\000S\000y\000n\000c\000h\000r\000o\000n\000i\000z\000a\000t\000i\000o\000n}{section.4}% 70
\BOOKMARK [3][-]{subsubsection.4.6.1}{\376\377\000T\000h\000e\000\040\000C\000o\000s\000t\000a\000s\000\040\000L\000o\000o\000p}{subsection.4.6}% 71
\BOOKMARK [3][-]{subsubsection.4.6.2}{\376\377\000S\000y\000m\000b\000o\000l\000\040\000T\000i\000m\000i\000n\000g\000\040\000R\000e\000c\000o\000v\000e\000r\000y}{subsection.4.6}% 72
\BOOKMARK [2][-]{subsection.4.7}{\376\377\000E\000q\000u\000a\000l\000i\000z\000a\000t\000i\000o\000n}{section.4}% 73
\BOOKMARK [2][-]{subsection.4.8}{\376\377\000M\000-\000a\000r\000y\000\040\000M\000o\000d\000u\000l\000a\000t\000i\000o\000n\000\040\000C\000o\000m\000p\000a\000r\000i\000s\000o\000n}{section.4}% 74
\BOOKMARK [2][-]{subsection.4.9}{\376\377\000C\000h\000a\000n\000n\000e\000l\000\040\000C\000a\000p\000a\000c\000i\000t\000y\000:\000\040\000T\000h\000e\000\040\000S\000h\000a\000n\000n\000o\000n\000\040\000L\000i\000m\000i\000t}{section.4}% 75
\BOOKMARK [2][-]{subsection.4.10}{\376\377\000I\000n\000-\000D\000e\000p\000t\000h\000\040\000A\000n\000a\000l\000y\000s\000i\000s\000:\000\040\000M\000o\000d\000u\000l\000a\000t\000i\000o\000n}{section.4}% 76
\BOOKMARK [2][-]{subsection.4.11}{\376\377\000I\000n\000-\000D\000e\000p\000t\000h\000\040\000A\000n\000a\000l\000y\000s\000i\000s\000:\000\040\000C\000o\000n\000s\000t\000e\000l\000l\000a\000t\000i\000o\000n\000s}{section.4}% 77
\BOOKMARK [2][-]{subsection.4.12}{\376\377\000I\000n\000-\000D\000e\000p\000t\000h\000\040\000A\000n\000a\000l\000y\000s\000i\000s\000:\000\040\000B\000i\000t\000\040\000E\000r\000r\000o\000r\000\040\000R\000a\000t\000e}{section.4}% 78
\BOOKMARK [2][-]{subsection.4.13}{\376\377\000I\000n\000-\000D\000e\000p\000t\000h\000\040\000A\000n\000a\000l\000y\000s\000i\000s\000:\000\040\000S\000i\000g\000n\000a\000l\000\040\000S\000p\000a\000c\000e}{section.4}% 79
\BOOKMARK [1][-]{section.5}{\376\377\000T\000r\000e\000l\000l\000i\000s\000\040\000C\000o\000d\000e\000d\000\040\000M\000o\000d\000u\000l\000a\000t\000i\000o\000n\000\040\000\050\000T\000C\000M\000\051}{}% 80
\BOOKMARK [2][-]{subsection.5.1}{\376\377\000T\000h\000e\000\040\000M\000o\000t\000i\000v\000a\000t\000i\000o\000n\000\040\000f\000o\000r\000\040\000T\000C\000M}{section.5}% 81
\BOOKMARK [2][-]{subsection.5.2}{\376\377\000U\000n\000g\000e\000r\000b\000o\000e\000c\000k\000'\000s\000\040\000S\000e\000t\000\040\000P\000a\000r\000t\000i\000t\000i\000o\000n\000i\000n\000g}{section.5}% 82
\BOOKMARK [2][-]{subsection.5.3}{\376\377\000T\000C\000M\000\040\000E\000n\000c\000o\000d\000e\000r\000\040\000S\000t\000r\000u\000c\000t\000u\000r\000e}{section.5}% 83
\BOOKMARK [2][-]{subsection.5.4}{\376\377\000D\000i\000s\000t\000a\000n\000c\000e\000\040\000P\000r\000o\000p\000e\000r\000t\000i\000e\000s\000\040\000a\000n\000d\000\040\000C\000o\000d\000i\000n\000g\000\040\000G\000a\000i\000n}{section.5}% 84
\BOOKMARK [2][-]{subsection.5.5}{\376\377\000T\000h\000e\000\040\000V\000i\000t\000e\000r\000b\000i\000\040\000D\000e\000c\000o\000d\000e\000r\000\040\000f\000o\000r\000\040\000T\000C\000M}{section.5}% 85
\BOOKMARK [3][-]{subsubsection.5.5.1}{\376\377\000P\000a\000r\000a\000l\000l\000e\000l\000\040\000T\000r\000a\000n\000s\000i\000t\000i\000o\000n\000s}{subsection.5.5}% 86
\BOOKMARK [2][-]{subsection.5.6}{\376\377\000P\000r\000a\000c\000t\000i\000c\000a\000l\000\040\000A\000p\000p\000l\000i\000c\000a\000t\000i\000o\000n\000s\000\040\000o\000f\000\040\000T\000C\000M}{section.5}% 87
\BOOKMARK [2][-]{subsection.5.7}{\376\377\000I\000n\000-\000D\000e\000p\000t\000h\000\040\000A\000n\000a\000l\000y\000s\000i\000s\000:\000\040\000T\000C\000M}{section.5}% 88
\BOOKMARK [2][-]{subsection.5.8}{\376\377\000I\000n\000-\000D\000e\000p\000t\000h\000\040\000A\000n\000a\000l\000y\000s\000i\000s\000:\000\040\000S\000e\000t\000\040\000P\000a\000r\000t\000i\000t\000i\000o\000n\000i\000n\000g}{section.5}% 89
\BOOKMARK [2][-]{subsection.5.9}{\376\377\000I\000n\000-\000D\000e\000p\000t\000h\000\040\000A\000n\000a\000l\000y\000s\000i\000s\000:\000\040\000V\000i\000t\000e\000r\000b\000i\000\040\000D\000e\000c\000o\000d\000i\000n\000g}{section.5}% 90
\BOOKMARK [2][-]{subsection.5.10}{\376\377\000I\000n\000-\000D\000e\000p\000t\000h\000\040\000A\000n\000a\000l\000y\000s\000i\000s\000:\000\040\000C\000o\000d\000i\000n\000g\000\040\000G\000a\000i\000n}{section.5}% 91
\BOOKMARK [1][-]{section.6}{\376\377\000D\000e\000t\000e\000c\000t\000i\000o\000n\000\040\000a\000n\000d\000\040\000D\000e\000m\000o\000d\000u\000l\000a\000t\000i\000o\000n}{}% 92
\BOOKMARK [2][-]{subsection.6.1}{\376\377\000T\000h\000e\000\040\000O\000p\000t\000i\000m\000a\000l\000\040\000R\000e\000c\000e\000i\000v\000e\000r}{section.6}% 93
\BOOKMARK [3][-]{subsubsection.6.1.1}{\376\377\000T\000h\000e\000\040\000M\000a\000t\000c\000h\000e\000d\000\040\000F\000i\000l\000t\000e\000r}{subsection.6.1}% 94
\BOOKMARK [2][-]{subsection.6.2}{\376\377\000P\000r\000o\000b\000a\000b\000i\000l\000i\000t\000y\000\040\000o\000f\000\040\000E\000r\000r\000o\000r\000\040\000A\000n\000a\000l\000y\000s\000i\000s}{section.6}% 95
\BOOKMARK [3][-]{subsubsection.6.2.1}{\376\377\000B\000E\000R\000\040\000f\000o\000r\000\040\000B\000P\000S\000K}{subsection.6.2}% 96
\BOOKMARK [2][-]{subsection.6.3}{\376\377\000C\000o\000h\000e\000r\000e\000n\000t\000\040\000v\000s\000.\000\040\000N\000o\000n\000-\000C\000o\000h\000e\000r\000e\000n\000t\000\040\000D\000e\000m\000o\000d\000u\000l\000a\000t\000i\000o\000n}{section.6}% 97
\BOOKMARK [2][-]{subsection.6.4}{\376\377\000B\000E\000R\000\040\000P\000e\000r\000f\000o\000r\000m\000a\000n\000c\000e\000\040\000G\000r\000a\000p\000h\000s}{section.6}% 98
\BOOKMARK [2][-]{subsection.6.5}{\376\377\000D\000e\000c\000i\000s\000i\000o\000n\000\040\000B\000o\000u\000n\000d\000a\000r\000i\000e\000s}{section.6}% 99
\BOOKMARK [2][-]{subsection.6.6}{\376\377\000M\000a\000x\000i\000m\000u\000m\000\040\000L\000i\000k\000e\000l\000i\000h\000o\000o\000d\000\040\000S\000e\000q\000u\000e\000n\000c\000e\000\040\000E\000s\000t\000i\000m\000a\000t\000i\000o\000n\000\040\000\050\000M\000L\000S\000E\000\051}{section.6}% 100
\BOOKMARK [2][-]{subsection.6.7}{\376\377\000G\000r\000a\000y\000\040\000C\000o\000d\000i\000n\000g}{section.6}% 101
\BOOKMARK [2][-]{subsection.6.8}{\376\377\000I\000n\000-\000D\000e\000p\000t\000h\000\040\000A\000n\000a\000l\000y\000s\000i\000s\000:\000\040\000C\000o\000h\000e\000r\000e\000n\000t\000\040\000D\000e\000m\000o\000d\000u\000l\000a\000t\000i\000o\000n}{section.6}% 102
\BOOKMARK [2][-]{subsection.6.9}{\376\377\000I\000n\000-\000D\000e\000p\000t\000h\000\040\000A\000n\000a\000l\000y\000s\000i\000s\000:\000\040\000C\000a\000r\000r\000i\000e\000r\000\040\000R\000e\000c\000o\000v\000e\000r\000y}{section.6}% 103
\BOOKMARK [2][-]{subsection.6.10}{\376\377\000I\000n\000-\000D\000e\000p\000t\000h\000\040\000A\000n\000a\000l\000y\000s\000i\000s\000:\000\040\000M\000a\000t\000c\000h\000e\000d\000\040\000F\000i\000l\000t\000e\000r}{section.6}% 104
\BOOKMARK [2][-]{subsection.6.11}{\376\377\000I\000n\000-\000D\000e\000p\000t\000h\000\040\000A\000n\000a\000l\000y\000s\000i\000s\000:\000\040\000P\000L\000L}{section.6}% 105
\BOOKMARK [1][-]{section.7}{\376\377\000A\000d\000v\000a\000n\000c\000e\000d\000\040\000T\000o\000p\000i\000c\000s\000\040\000i\000n\000\040\000S\000i\000g\000n\000a\000l\000\040\000P\000r\000o\000c\000e\000s\000s\000i\000n\000g}{}% 106
\BOOKMARK [2][-]{subsection.7.1}{\376\377\000M\000u\000l\000t\000i\000p\000l\000e\000-\000I\000n\000p\000u\000t\000\040\000M\000u\000l\000t\000i\000p\000l\000e\000-\000O\000u\000t\000p\000u\000t\000\040\000\050\000M\000I\000M\000O\000\051}{section.7}% 107
\BOOKMARK [3][-]{subsubsection.7.1.1}{\376\377\000S\000p\000a\000t\000i\000a\000l\000\040\000M\000u\000l\000t\000i\000p\000l\000e\000x\000i\000n\000g}{subsection.7.1}% 108
\BOOKMARK [3][-]{subsubsection.7.1.2}{\376\377\000B\000e\000a\000m\000f\000o\000r\000m\000i\000n\000g}{subsection.7.1}% 109
\BOOKMARK [2][-]{subsection.7.2}{\376\377\000O\000r\000t\000h\000o\000g\000o\000n\000a\000l\000\040\000F\000r\000e\000q\000u\000e\000n\000c\000y\000\040\000D\000i\000v\000i\000s\000i\000o\000n\000\040\000M\000u\000l\000t\000i\000p\000l\000e\000x\000i\000n\000g\000\040\000\050\000O\000F\000D\000M\000\051}{section.7}% 110
\BOOKMARK [3][-]{subsubsection.7.2.1}{\376\377\000C\000y\000c\000l\000i\000c\000\040\000P\000r\000e\000f\000i\000x\000\040\000\050\000C\000P\000\051}{subsection.7.2}% 111
\BOOKMARK [2][-]{subsection.7.3}{\376\377\000S\000p\000r\000e\000a\000d\000\040\000S\000p\000e\000c\000t\000r\000u\000m\000\040\000C\000o\000m\000m\000u\000n\000i\000c\000a\000t\000i\000o\000n\000s}{section.7}% 112
\BOOKMARK [3][-]{subsubsection.7.3.1}{\376\377\000D\000i\000r\000e\000c\000t\000\040\000S\000e\000q\000u\000e\000n\000c\000e\000\040\000S\000p\000r\000e\000a\000d\000\040\000S\000p\000e\000c\000t\000r\000u\000m\000\040\000\050\000D\000S\000S\000S\000\051}{subsection.7.3}% 113
\BOOKMARK [3][-]{subsubsection.7.3.2}{\376\377\000F\000r\000e\000q\000u\000e\000n\000c\000y\000\040\000H\000o\000p\000p\000i\000n\000g\000\040\000S\000p\000r\000e\000a\000d\000\040\000S\000p\000e\000c\000t\000r\000u\000m\000\040\000\050\000F\000H\000S\000S\000\051}{subsection.7.3}% 114
\BOOKMARK [2][-]{subsection.7.4}{\376\377\000M\000u\000l\000t\000i\000-\000U\000s\000e\000r\000\040\000D\000e\000t\000e\000c\000t\000i\000o\000n\000\040\000\050\000M\000U\000D\000\051}{section.7}% 115
\BOOKMARK [2][-]{subsection.7.5}{\376\377\000T\000h\000e\000\040\000A\000m\000b\000i\000g\000u\000i\000t\000y\000\040\000F\000u\000n\000c\000t\000i\000o\000n}{section.7}% 116
\BOOKMARK [2][-]{subsection.7.6}{\376\377\000I\000n\000-\000D\000e\000p\000t\000h\000\040\000A\000n\000a\000l\000y\000s\000i\000s\000:\000\040\000O\000F\000D\000M}{section.7}% 117
\BOOKMARK [2][-]{subsection.7.7}{\376\377\000I\000n\000-\000D\000e\000p\000t\000h\000\040\000A\000n\000a\000l\000y\000s\000i\000s\000:\000\040\000S\000y\000n\000c\000h\000r\000o\000n\000i\000z\000a\000t\000i\000o\000n}{section.7}% 118
\BOOKMARK [2][-]{subsection.7.8}{\376\377\000I\000n\000-\000D\000e\000p\000t\000h\000\040\000A\000n\000a\000l\000y\000s\000i\000s\000:\000\040\000P\000e\000a\000k\000-\000t\000o\000-\000A\000v\000e\000r\000a\000g\000e\000\040\000P\000o\000w\000e\000r\000\040\000R\000a\000t\000i\000o}{section.7}% 119
\BOOKMARK [2][-]{subsection.7.9}{\376\377\000I\000n\000-\000D\000e\000p\000t\000h\000\040\000A\000n\000a\000l\000y\000s\000i\000s\000:\000\040\000C\000y\000c\000l\000i\000c\000\040\000P\000r\000e\000f\000i\000x}{section.7}% 120
\BOOKMARK [1][-]{section.8}{\376\377\000C\000a\000s\000e\000\040\000S\000t\000u\000d\000i\000e\000s\000\040\000a\000n\000d\000\040\000P\000r\000a\000c\000t\000i\000c\000a\000l\000\040\000I\000m\000p\000l\000e\000m\000e\000n\000t\000a\000t\000i\000o\000n\000s}{}% 121
\BOOKMARK [2][-]{subsection.8.1}{\376\377\000C\000a\000s\000e\000\040\000S\000t\000u\000d\000y\000:\000\040\000T\000h\000e\000\040\000G\000S\000M\000\040\000S\000t\000a\000n\000d\000a\000r\000d}{section.8}% 122
\BOOKMARK [3][-]{subsubsection.8.1.1}{\376\377\000M\000o\000d\000u\000l\000a\000t\000i\000o\000n\000\040\000i\000n\000\040\000G\000S\000M\000:\000\040\000G\000M\000S\000K}{subsection.8.1}% 123
\BOOKMARK [2][-]{subsection.8.2}{\376\377\000C\000a\000s\000e\000\040\000S\000t\000u\000d\000y\000:\000\040\000D\000i\000g\000i\000t\000a\000l\000\040\000S\000u\000b\000s\000c\000r\000i\000b\000e\000r\000\040\000L\000i\000n\000e\000\040\000\050\000D\000S\000L\000\051}{section.8}% 124
\BOOKMARK [3][-]{subsubsection.8.2.1}{\376\377\000B\000i\000t\000\040\000L\000o\000a\000d\000i\000n\000g}{subsection.8.2}% 125
\BOOKMARK [2][-]{subsection.8.3}{\376\377\000C\000a\000s\000e\000\040\000S\000t\000u\000d\000y\000:\000\040\0005\000G\000\040\000N\000e\000w\000\040\000R\000a\000d\000i\000o\000\040\000\050\000N\000R\000\051}{section.8}% 126
\BOOKMARK [3][-]{subsubsection.8.3.1}{\376\377\000M\000a\000s\000s\000i\000v\000e\000\040\000M\000I\000M\000O\000\040\000a\000n\000d\000\040\000B\000e\000a\000m\000f\000o\000r\000m\000i\000n\000g}{subsection.8.3}% 127
\BOOKMARK [2][-]{subsection.8.4}{\376\377\000C\000a\000s\000e\000\040\000S\000t\000u\000d\000y\000:\000\040\000E\000v\000o\000l\000u\000t\000i\000o\000n\000\040\000o\000f\000\040\000I\000E\000E\000E\000\040\0008\0000\0002\000.\0001\0001\000\040\000\050\000W\000i\000-\000F\000i\000\051}{section.8}% 128
\BOOKMARK [3][-]{subsubsection.8.4.1}{\376\377\000W\000i\000-\000F\000i\000\040\0006\000\040\000\050\0008\0000\0002\000.\0001\0001\000a\000x\000\051}{subsection.8.4}% 129
\BOOKMARK [2][-]{subsection.8.5}{\376\377\000I\000m\000p\000l\000e\000m\000e\000n\000t\000a\000t\000i\000o\000n\000:\000\040\000F\000P\000G\000A\000-\000b\000a\000s\000e\000d\000\040\000D\000i\000g\000i\000t\000a\000l\000\040\000D\000o\000w\000n\000-\000C\000o\000n\000v\000e\000r\000t\000e\000r\000\040\000\050\000D\000D\000C\000\051}{section.8}% 130
\BOOKMARK [2][-]{subsection.8.6}{\376\377\000I\000n\000-\000D\000e\000p\000t\000h\000\040\000A\000n\000a\000l\000y\000s\000i\000s\000:\000\040\000A\000D\000S\000L}{section.8}% 131
\BOOKMARK [2][-]{subsection.8.7}{\376\377\000I\000n\000-\000D\000e\000p\000t\000h\000\040\000A\000n\000a\000l\000y\000s\000i\000s\000:\000\040\000V\000D\000S\000L}{section.8}% 132
\BOOKMARK [2][-]{subsection.8.8}{\376\377\000I\000n\000-\000D\000e\000p\000t\000h\000\040\000A\000n\000a\000l\000y\000s\000i\000s\000:\000\040\000C\000a\000b\000l\000e\000\040\000M\000o\000d\000e\000m\000s}{section.8}% 133
\BOOKMARK [2][-]{subsection.8.9}{\376\377\000I\000n\000-\000D\000e\000p\000t\000h\000\040\000A\000n\000a\000l\000y\000s\000i\000s\000:\000\040\000D\000O\000C\000S\000I\000S}{section.8}% 134
\BOOKMARK [1][-]{section.9}{\376\377\000R\000a\000d\000a\000r\000\040\000S\000i\000g\000n\000a\000l\000\040\000P\000r\000o\000c\000e\000s\000s\000i\000n\000g}{}% 135
\BOOKMARK [2][-]{subsection.9.1}{\376\377\000B\000a\000s\000i\000c\000\040\000R\000a\000d\000a\000r\000\040\000P\000r\000i\000n\000c\000i\000p\000l\000e\000s}{section.9}% 136
\BOOKMARK [2][-]{subsection.9.2}{\376\377\000P\000u\000l\000s\000e\000\040\000C\000o\000m\000p\000r\000e\000s\000s\000i\000o\000n}{section.9}% 137
\BOOKMARK [3][-]{subsubsection.9.2.1}{\376\377\000L\000i\000n\000e\000a\000r\000\040\000F\000r\000e\000q\000u\000e\000n\000c\000y\000\040\000M\000o\000d\000u\000l\000a\000t\000i\000o\000n\000\040\000\050\000L\000F\000M\000\051\000\040\000-\000\040\000C\000h\000i\000r\000p}{subsection.9.2}% 138
\BOOKMARK [2][-]{subsection.9.3}{\376\377\000T\000h\000e\000\040\000A\000m\000b\000i\000g\000u\000i\000t\000y\000\040\000F\000u\000n\000c\000t\000i\000o\000n}{section.9}% 139
\BOOKMARK [2][-]{subsection.9.4}{\376\377\000D\000o\000p\000p\000l\000e\000r\000\040\000P\000r\000o\000c\000e\000s\000s\000i\000n\000g\000\040\000a\000n\000d\000\040\000M\000T\000I}{section.9}% 140
\BOOKMARK [2][-]{subsection.9.5}{\376\377\000I\000n\000-\000D\000e\000p\000t\000h\000\040\000A\000n\000a\000l\000y\000s\000i\000s\000:\000\040\000C\000h\000i\000r\000p\000\040\000S\000i\000g\000n\000a\000l\000s}{section.9}% 141
\BOOKMARK [2][-]{subsection.9.6}{\376\377\000I\000n\000-\000D\000e\000p\000t\000h\000\040\000A\000n\000a\000l\000y\000s\000i\000s\000:\000\040\000P\000u\000l\000s\000e\000\040\000C\000o\000m\000p\000r\000e\000s\000s\000i\000o\000n}{section.9}% 142
\BOOKMARK [2][-]{subsection.9.7}{\376\377\000I\000n\000-\000D\000e\000p\000t\000h\000\040\000A\000n\000a\000l\000y\000s\000i\000s\000:\000\040\000D\000o\000p\000p\000l\000e\000r\000\040\000P\000r\000o\000c\000e\000s\000s\000i\000n\000g}{section.9}% 143
\BOOKMARK [2][-]{subsection.9.8}{\376\377\000I\000n\000-\000D\000e\000p\000t\000h\000\040\000A\000n\000a\000l\000y\000s\000i\000s\000:\000\040\000C\000F\000A\000R}{section.9}% 144
\BOOKMARK [1][-]{section.10}{\376\377\000I\000n\000f\000o\000r\000m\000a\000t\000i\000o\000n\000\040\000T\000h\000e\000o\000r\000y\000\040\000a\000n\000d\000\040\000S\000o\000u\000r\000c\000e\000\040\000C\000o\000d\000i\000n\000g}{}% 145
\BOOKMARK [2][-]{subsection.10.1}{\376\377\000M\000e\000a\000s\000u\000r\000e\000\040\000o\000f\000\040\000I\000n\000f\000o\000r\000m\000a\000t\000i\000o\000n\000:\000\040\000E\000n\000t\000r\000o\000p\000y}{section.10}% 146
\BOOKMARK [2][-]{subsection.10.2}{\376\377\000M\000u\000t\000u\000a\000l\000\040\000I\000n\000f\000o\000r\000m\000a\000t\000i\000o\000n\000\040\000a\000n\000d\000\040\000C\000h\000a\000n\000n\000e\000l\000\040\000C\000a\000p\000a\000c\000i\000t\000y}{section.10}% 147
\BOOKMARK [3][-]{subsubsection.10.2.1}{\376\377\000T\000h\000e\000\040\000S\000h\000a\000n\000n\000o\000n\000-\000H\000a\000r\000t\000l\000e\000y\000\040\000T\000h\000e\000o\000r\000e\000m}{subsection.10.2}% 148
\BOOKMARK [2][-]{subsection.10.3}{\376\377\000S\000o\000u\000r\000c\000e\000\040\000C\000o\000d\000i\000n\000g\000\040\000\050\000D\000a\000t\000a\000\040\000C\000o\000m\000p\000r\000e\000s\000s\000i\000o\000n\000\051}{section.10}% 149
\BOOKMARK [3][-]{subsubsection.10.3.1}{\376\377\000H\000u\000f\000f\000m\000a\000n\000\040\000C\000o\000d\000i\000n\000g}{subsection.10.3}% 150
\BOOKMARK [3][-]{subsubsection.10.3.2}{\376\377\000L\000e\000m\000p\000e\000l\000-\000Z\000i\000v\000\040\000\050\000L\000Z\0007\0007\000/\000L\000Z\0007\0008\000\051\000\040\000C\000o\000d\000i\000n\000g}{subsection.10.3}% 151
\BOOKMARK [2][-]{subsection.10.4}{\376\377\000D\000i\000f\000f\000e\000r\000e\000n\000t\000i\000a\000l\000\040\000E\000n\000t\000r\000o\000p\000y\000\040\000a\000n\000d\000\040\000G\000a\000u\000s\000s\000i\000a\000n\000\040\000C\000h\000a\000n\000n\000e\000l\000s}{section.10}% 152
\BOOKMARK [2][-]{subsection.10.5}{\376\377\000R\000a\000t\000e\000-\000D\000i\000s\000t\000o\000r\000t\000i\000o\000n\000\040\000T\000h\000e\000o\000r\000y}{section.10}% 153
\BOOKMARK [2][-]{subsection.10.6}{\376\377\000I\000n\000-\000D\000e\000p\000t\000h\000\040\000A\000n\000a\000l\000y\000s\000i\000s\000:\000\040\000E\000n\000t\000r\000o\000p\000y}{section.10}% 154
\BOOKMARK [2][-]{subsection.10.7}{\376\377\000I\000n\000-\000D\000e\000p\000t\000h\000\040\000A\000n\000a\000l\000y\000s\000i\000s\000:\000\040\000M\000u\000t\000u\000a\000l\000\040\000I\000n\000f\000o\000r\000m\000a\000t\000i\000o\000n}{section.10}% 155
\BOOKMARK [2][-]{subsection.10.8}{\376\377\000I\000n\000-\000D\000e\000p\000t\000h\000\040\000A\000n\000a\000l\000y\000s\000i\000s\000:\000\040\000C\000h\000a\000n\000n\000e\000l\000\040\000C\000a\000p\000a\000c\000i\000t\000y}{section.10}% 156
\BOOKMARK [2][-]{subsection.10.9}{\376\377\000I\000n\000-\000D\000e\000p\000t\000h\000\040\000A\000n\000a\000l\000y\000s\000i\000s\000:\000\040\000S\000o\000u\000r\000c\000e\000\040\000C\000o\000d\000i\000n\000g}{section.10}% 157
\BOOKMARK [1][-]{section.11}{\376\377\000C\000h\000a\000n\000n\000e\000l\000\040\000C\000o\000d\000i\000n\000g\000\040\000a\000n\000d\000\040\000E\000r\000r\000o\000r\000\040\000C\000o\000n\000t\000r\000o\000l}{}% 158
\BOOKMARK [2][-]{subsection.11.1}{\376\377\000L\000i\000n\000e\000a\000r\000\040\000B\000l\000o\000c\000k\000\040\000C\000o\000d\000e\000s}{section.11}% 159
\BOOKMARK [3][-]{subsubsection.11.1.1}{\376\377\000H\000a\000m\000m\000i\000n\000g\000\040\000D\000i\000s\000t\000a\000n\000c\000e\000\040\000a\000n\000d\000\040\000E\000r\000r\000o\000r\000\040\000C\000o\000r\000r\000e\000c\000t\000i\000o\000n}{subsection.11.1}% 160
\BOOKMARK [2][-]{subsection.11.2}{\376\377\000C\000y\000c\000l\000i\000c\000\040\000C\000o\000d\000e\000s\000\040\000a\000n\000d\000\040\000C\000R\000C}{section.11}% 161
\BOOKMARK [2][-]{subsection.11.3}{\376\377\000C\000o\000n\000v\000o\000l\000u\000t\000i\000o\000n\000a\000l\000\040\000C\000o\000d\000e\000s}{section.11}% 162
\BOOKMARK [3][-]{subsubsection.11.3.1}{\376\377\000T\000h\000e\000\040\000V\000i\000t\000e\000r\000b\000i\000\040\000A\000l\000g\000o\000r\000i\000t\000h\000m}{subsection.11.3}% 163
\BOOKMARK [2][-]{subsection.11.4}{\376\377\000M\000o\000d\000e\000r\000n\000\040\000H\000i\000g\000h\000-\000P\000e\000r\000f\000o\000r\000m\000a\000n\000c\000e\000\040\000C\000o\000d\000e\000s}{section.11}% 164
\BOOKMARK [3][-]{subsubsection.11.4.1}{\376\377\000T\000u\000r\000b\000o\000\040\000C\000o\000d\000e\000s}{subsection.11.4}% 165
\BOOKMARK [3][-]{subsubsection.11.4.2}{\376\377\000L\000o\000w\000-\000D\000e\000n\000s\000i\000t\000y\000\040\000P\000a\000r\000i\000t\000y\000-\000C\000h\000e\000c\000k\000\040\000\050\000L\000D\000P\000C\000\051\000\040\000C\000o\000d\000e\000s}{subsection.11.4}% 166
\BOOKMARK [2][-]{subsection.11.5}{\376\377\000S\000o\000f\000t\000-\000D\000e\000c\000i\000s\000i\000o\000n\000\040\000D\000e\000c\000o\000d\000i\000n\000g}{section.11}% 167
\BOOKMARK [2][-]{subsection.11.6}{\376\377\000I\000n\000-\000D\000e\000p\000t\000h\000\040\000A\000n\000a\000l\000y\000s\000i\000s\000:\000\040\000L\000i\000n\000e\000a\000r\000\040\000B\000l\000o\000c\000k\000\040\000C\000o\000d\000e\000s}{section.11}% 168
\BOOKMARK [2][-]{subsection.11.7}{\376\377\000I\000n\000-\000D\000e\000p\000t\000h\000\040\000A\000n\000a\000l\000y\000s\000i\000s\000:\000\040\000C\000o\000n\000v\000o\000l\000u\000t\000i\000o\000n\000a\000l\000\040\000C\000o\000d\000e\000s}{section.11}% 169
\BOOKMARK [2][-]{subsection.11.8}{\376\377\000I\000n\000-\000D\000e\000p\000t\000h\000\040\000A\000n\000a\000l\000y\000s\000i\000s\000:\000\040\000L\000D\000P\000C}{section.11}% 170
\BOOKMARK [2][-]{subsection.11.9}{\376\377\000I\000n\000-\000D\000e\000p\000t\000h\000\040\000A\000n\000a\000l\000y\000s\000i\000s\000:\000\040\000T\000u\000r\000b\000o\000\040\000C\000o\000d\000e\000s}{section.11}% 171
\BOOKMARK [1][-]{section.12}{\376\377\000W\000i\000r\000e\000l\000e\000s\000s\000\040\000C\000o\000m\000m\000u\000n\000i\000c\000a\000t\000i\000o\000n\000\040\000a\000n\000d\000\040\000F\000a\000d\000i\000n\000g\000\040\000C\000h\000a\000n\000n\000e\000l\000s}{}% 172
\BOOKMARK [2][-]{subsection.12.1}{\376\377\000M\000u\000l\000t\000i\000p\000a\000t\000h\000\040\000P\000r\000o\000p\000a\000g\000a\000t\000i\000o\000n\000\040\000a\000n\000d\000\040\000F\000a\000d\000i\000n\000g}{section.12}% 173
\BOOKMARK [3][-]{subsubsection.12.1.1}{\376\377\000R\000a\000y\000l\000e\000i\000g\000h\000\040\000F\000a\000d\000i\000n\000g}{subsection.12.1}% 174
\BOOKMARK [3][-]{subsubsection.12.1.2}{\376\377\000R\000i\000c\000e\000a\000n\000\040\000F\000a\000d\000i\000n\000g}{subsection.12.1}% 175
\BOOKMARK [2][-]{subsection.12.2}{\376\377\000S\000m\000a\000l\000l\000-\000S\000c\000a\000l\000e\000\040\000F\000a\000d\000i\000n\000g\000\040\000P\000a\000r\000a\000m\000e\000t\000e\000r\000s}{section.12}% 176
\BOOKMARK [2][-]{subsection.12.3}{\376\377\000D\000i\000v\000e\000r\000s\000i\000t\000y\000\040\000T\000e\000c\000h\000n\000i\000q\000u\000e\000s}{section.12}% 177
\BOOKMARK [3][-]{subsubsection.12.3.1}{\376\377\000M\000I\000M\000O\000:\000\040\000M\000u\000l\000t\000i\000p\000l\000e\000-\000I\000n\000p\000u\000t\000\040\000M\000u\000l\000t\000i\000p\000l\000e\000-\000O\000u\000t\000p\000u\000t}{subsection.12.3}% 178
\BOOKMARK [2][-]{subsection.12.4}{\376\377\000C\000h\000a\000n\000n\000e\000l\000\040\000E\000s\000t\000i\000m\000a\000t\000i\000o\000n\000\040\000a\000n\000d\000\040\000E\000q\000u\000a\000l\000i\000z\000a\000t\000i\000o\000n}{section.12}% 179
\BOOKMARK [2][-]{subsection.12.5}{\376\377\000I\000n\000-\000D\000e\000p\000t\000h\000\040\000A\000n\000a\000l\000y\000s\000i\000s\000:\000\040\000M\000u\000l\000t\000i\000p\000a\000t\000h}{section.12}% 180
\BOOKMARK [2][-]{subsection.12.6}{\376\377\000I\000n\000-\000D\000e\000p\000t\000h\000\040\000A\000n\000a\000l\000y\000s\000i\000s\000:\000\040\000R\000a\000y\000l\000e\000i\000g\000h\000\040\000F\000a\000d\000i\000n\000g}{section.12}% 181
\BOOKMARK [2][-]{subsection.12.7}{\376\377\000I\000n\000-\000D\000e\000p\000t\000h\000\040\000A\000n\000a\000l\000y\000s\000i\000s\000:\000\040\000M\000I\000M\000O}{section.12}% 182
\BOOKMARK [2][-]{subsection.12.8}{\376\377\000I\000n\000-\000D\000e\000p\000t\000h\000\040\000A\000n\000a\000l\000y\000s\000i\000s\000:\000\040\000D\000o\000p\000p\000l\000e\000r\000\040\000S\000p\000r\000e\000a\000d}{section.12}% 183
\BOOKMARK [1][-]{section.13}{\376\377\000A\000d\000a\000p\000t\000i\000v\000e\000\040\000F\000i\000l\000t\000e\000r\000i\000n\000g\000\040\000a\000n\000d\000\040\000S\000i\000g\000n\000a\000l\000\040\000P\000r\000o\000c\000e\000s\000s\000i\000n\000g}{}% 184
\BOOKMARK [2][-]{subsection.13.1}{\376\377\000T\000h\000e\000\040\000W\000i\000e\000n\000e\000r\000\040\000F\000i\000l\000t\000e\000r}{section.13}% 185
\BOOKMARK [2][-]{subsection.13.2}{\376\377\000T\000h\000e\000\040\000L\000e\000a\000s\000t\000\040\000M\000e\000a\000n\000\040\000S\000q\000u\000a\000r\000e\000\040\000\050\000L\000M\000S\000\051\000\040\000A\000l\000g\000o\000r\000i\000t\000h\000m}{section.13}% 186
\BOOKMARK [2][-]{subsection.13.3}{\376\377\000T\000h\000e\000\040\000R\000e\000c\000u\000r\000s\000i\000v\000e\000\040\000L\000e\000a\000s\000t\000\040\000S\000q\000u\000a\000r\000e\000s\000\040\000\050\000R\000L\000S\000\051\000\040\000A\000l\000g\000o\000r\000i\000t\000h\000m}{section.13}% 187
\BOOKMARK [2][-]{subsection.13.4}{\376\377\000A\000p\000p\000l\000i\000c\000a\000t\000i\000o\000n\000s\000\040\000o\000f\000\040\000A\000d\000a\000p\000t\000i\000v\000e\000\040\000F\000i\000l\000t\000e\000r\000s}{section.13}% 188
\BOOKMARK [3][-]{subsubsection.13.4.1}{\376\377\000A\000d\000a\000p\000t\000i\000v\000e\000\040\000E\000q\000u\000a\000l\000i\000z\000a\000t\000i\000o\000n}{subsection.13.4}% 189
\BOOKMARK [3][-]{subsubsection.13.4.2}{\376\377\000A\000c\000o\000u\000s\000t\000i\000c\000\040\000E\000c\000h\000o\000\040\000C\000a\000n\000c\000e\000l\000l\000a\000t\000i\000o\000n\000\040\000\050\000A\000E\000C\000\051}{subsection.13.4}% 190
\BOOKMARK [3][-]{subsubsection.13.4.3}{\376\377\000A\000c\000t\000i\000v\000e\000\040\000N\000o\000i\000s\000e\000\040\000C\000o\000n\000t\000r\000o\000l}{subsection.13.4}% 191
\BOOKMARK [2][-]{subsection.13.5}{\376\377\000K\000a\000l\000m\000a\000n\000\040\000F\000i\000l\000t\000e\000r\000i\000n\000g}{section.13}% 192
\BOOKMARK [2][-]{subsection.13.6}{\376\377\000I\000n\000-\000D\000e\000p\000t\000h\000\040\000A\000n\000a\000l\000y\000s\000i\000s\000:\000\040\000L\000M\000S\000\040\000A\000l\000g\000o\000r\000i\000t\000h\000m}{section.13}% 193
\BOOKMARK [2][-]{subsection.13.7}{\376\377\000I\000n\000-\000D\000e\000p\000t\000h\000\040\000A\000n\000a\000l\000y\000s\000i\000s\000:\000\040\000R\000L\000S\000\040\000A\000l\000g\000o\000r\000i\000t\000h\000m}{section.13}% 194
\BOOKMARK [2][-]{subsection.13.8}{\376\377\000I\000n\000-\000D\000e\000p\000t\000h\000\040\000A\000n\000a\000l\000y\000s\000i\000s\000:\000\040\000E\000c\000h\000o\000\040\000C\000a\000n\000c\000e\000l\000l\000a\000t\000i\000o\000n}{section.13}% 195
\BOOKMARK [2][-]{subsection.13.9}{\376\377\000I\000n\000-\000D\000e\000p\000t\000h\000\040\000A\000n\000a\000l\000y\000s\000i\000s\000:\000\040\000E\000q\000u\000a\000l\000i\000z\000a\000t\000i\000o\000n}{section.13}% 196
\BOOKMARK [1][-]{section.14}{\376\377\000M\000o\000d\000e\000r\000n\000\040\000C\000o\000m\000m\000u\000n\000i\000c\000a\000t\000i\000o\000n\000\040\000S\000t\000a\000n\000d\000a\000r\000d\000s\000\040\000a\000n\000d\000\040\000F\000u\000t\000u\000r\000e\000\040\000T\000r\000e\000n\000d\000s}{}% 197
\BOOKMARK [2][-]{subsection.14.1}{\376\377\0005\000G\000\040\000N\000e\000w\000\040\000R\000a\000d\000i\000o\000\040\000\050\000N\000R\000\051}{section.14}% 198
\BOOKMARK [2][-]{subsection.14.2}{\376\377\000W\000i\000-\000F\000i\000\040\0007\000\040\000\050\000I\000E\000E\000E\000\040\0008\0000\0002\000.\0001\0001\000b\000e\000\051}{section.14}% 199
\BOOKMARK [2][-]{subsection.14.3}{\376\377\000I\000n\000t\000e\000r\000n\000e\000t\000\040\000o\000f\000\040\000T\000h\000i\000n\000g\000s\000\040\000\050\000I\000o\000T\000\051\000\040\000C\000o\000n\000n\000e\000c\000t\000i\000v\000i\000t\000y}{section.14}% 200
\BOOKMARK [3][-]{subsubsection.14.3.1}{\376\377\000L\000o\000R\000a\000\040\000\050\000L\000o\000n\000g\000\040\000R\000a\000n\000g\000e\000\051}{subsection.14.3}% 201
\BOOKMARK [3][-]{subsubsection.14.3.2}{\376\377\000N\000B\000-\000I\000o\000T\000\040\000\050\000N\000a\000r\000r\000o\000w\000b\000a\000n\000d\000\040\000I\000o\000T\000\051}{subsection.14.3}% 202
\BOOKMARK [2][-]{subsection.14.4}{\376\377\000S\000a\000t\000e\000l\000l\000i\000t\000e\000\040\000C\000o\000m\000m\000u\000n\000i\000c\000a\000t\000i\000o\000n\000s\000:\000\040\000S\000t\000a\000r\000l\000i\000n\000k\000\040\000a\000n\000d\000\040\000B\000e\000y\000o\000n\000d}{section.14}% 203
\BOOKMARK [2][-]{subsection.14.5}{\376\377\000T\000h\000e\000\040\000P\000a\000t\000h\000\040\000t\000o\000\040\0006\000G}{section.14}% 204
\BOOKMARK [2][-]{subsection.14.6}{\376\377\000I\000n\000-\000D\000e\000p\000t\000h\000\040\000A\000n\000a\000l\000y\000s\000i\000s\000:\000\040\0005\000G\000\040\000N\000R}{section.14}% 205
\BOOKMARK [2][-]{subsection.14.7}{\376\377\000I\000n\000-\000D\000e\000p\000t\000h\000\040\000A\000n\000a\000l\000y\000s\000i\000s\000:\000\040\000W\000i\000-\000F\000i\000\040\0006}{section.14}% 206
\BOOKMARK [2][-]{subsection.14.8}{\376\377\000I\000n\000-\000D\000e\000p\000t\000h\000\040\000A\000n\000a\000l\000y\000s\000i\000s\000:\000\040\000L\000T\000E}{section.14}% 207
\BOOKMARK [2][-]{subsection.14.9}{\376\377\000I\000n\000-\000D\000e\000p\000t\000h\000\040\000A\000n\000a\000l\000y\000s\000i\000s\000:\000\040\000M\000a\000s\000s\000i\000v\000e\000\040\000M\000I\000M\000O}{section.14}% 208
\BOOKMARK [1][-]{section.15}{\376\377\000D\000i\000g\000i\000t\000a\000l\000\040\000I\000m\000a\000g\000e\000\040\000P\000r\000o\000c\000e\000s\000s\000i\000n\000g}{}% 209
\BOOKMARK [2][-]{subsection.15.1}{\376\377\0002\000D\000\040\000S\000i\000g\000n\000a\000l\000s\000\040\000a\000n\000d\000\040\000S\000y\000s\000t\000e\000m\000s}{section.15}% 210
\BOOKMARK [3][-]{subsubsection.15.1.1}{\376\377\0002\000D\000\040\000S\000a\000m\000p\000l\000i\000n\000g\000\040\000a\000n\000d\000\040\000Q\000u\000a\000n\000t\000i\000z\000a\000t\000i\000o\000n}{subsection.15.1}% 211
\BOOKMARK [2][-]{subsection.15.2}{\376\377\000I\000m\000a\000g\000e\000\040\000E\000n\000h\000a\000n\000c\000e\000m\000e\000n\000t\000\040\000i\000n\000\040\000t\000h\000e\000\040\000S\000p\000a\000t\000i\000a\000l\000\040\000D\000o\000m\000a\000i\000n}{section.15}% 212
\BOOKMARK [2][-]{subsection.15.3}{\376\377\000F\000i\000l\000t\000e\000r\000i\000n\000g\000\040\000i\000n\000\040\000t\000h\000e\000\040\000F\000r\000e\000q\000u\000e\000n\000c\000y\000\040\000D\000o\000m\000a\000i\000n}{section.15}% 213
\BOOKMARK [2][-]{subsection.15.4}{\376\377\000I\000m\000a\000g\000e\000\040\000C\000o\000m\000p\000r\000e\000s\000s\000i\000o\000n}{section.15}% 214
\BOOKMARK [3][-]{subsubsection.15.4.1}{\376\377\000T\000h\000e\000\040\000J\000P\000E\000G\000\040\000S\000t\000a\000n\000d\000a\000r\000d}{subsection.15.4}% 215
\BOOKMARK [2][-]{subsection.15.5}{\376\377\000E\000d\000g\000e\000\040\000D\000e\000t\000e\000c\000t\000i\000o\000n}{section.15}% 216
\BOOKMARK [2][-]{subsection.15.6}{\376\377\000W\000a\000v\000e\000l\000e\000t\000\040\000T\000r\000a\000n\000s\000f\000o\000r\000m\000s}{section.15}% 217
\BOOKMARK [2][-]{subsection.15.7}{\376\377\000I\000n\000-\000D\000e\000p\000t\000h\000\040\000A\000n\000a\000l\000y\000s\000i\000s\000:\000\040\0002\000D\000\040\000F\000i\000l\000t\000e\000r\000i\000n\000g}{section.15}% 218
\BOOKMARK [2][-]{subsection.15.8}{\376\377\000I\000n\000-\000D\000e\000p\000t\000h\000\040\000A\000n\000a\000l\000y\000s\000i\000s\000:\000\040\000E\000d\000g\000e\000\040\000D\000e\000t\000e\000c\000t\000i\000o\000n}{section.15}% 219
\BOOKMARK [2][-]{subsection.15.9}{\376\377\000I\000n\000-\000D\000e\000p\000t\000h\000\040\000A\000n\000a\000l\000y\000s\000i\000s\000:\000\040\000J\000P\000E\000G\000\040\000C\000o\000m\000p\000r\000e\000s\000s\000i\000o\000n}{section.15}% 220
\BOOKMARK [2][-]{subsection.15.10}{\376\377\000I\000n\000-\000D\000e\000p\000t\000h\000\040\000A\000n\000a\000l\000y\000s\000i\000s\000:\000\040\000D\000C\000T}{section.15}% 221
\BOOKMARK [1][-]{section.16}{\376\377\000A\000u\000d\000i\000o\000\040\000a\000n\000d\000\040\000S\000p\000e\000e\000c\000h\000\040\000P\000r\000o\000c\000e\000s\000s\000i\000n\000g}{}% 222
\BOOKMARK [2][-]{subsection.16.1}{\376\377\000D\000i\000g\000i\000t\000a\000l\000\040\000A\000u\000d\000i\000o\000\040\000F\000o\000u\000n\000d\000a\000t\000i\000o\000n\000s}{section.16}% 223
\BOOKMARK [2][-]{subsection.16.2}{\376\377\000S\000p\000e\000e\000c\000h\000\040\000P\000r\000o\000d\000u\000c\000t\000i\000o\000n\000\040\000M\000o\000d\000e\000l}{section.16}% 224
\BOOKMARK [3][-]{subsubsection.16.2.1}{\376\377\000L\000i\000n\000e\000a\000r\000\040\000P\000r\000e\000d\000i\000c\000t\000i\000v\000e\000\040\000C\000o\000d\000i\000n\000g\000\040\000\050\000L\000P\000C\000\051}{subsection.16.2}% 225
\BOOKMARK [2][-]{subsection.16.3}{\376\377\000S\000p\000e\000e\000c\000h\000\040\000A\000n\000a\000l\000y\000s\000i\000s\000:\000\040\000T\000h\000e\000\040\000M\000e\000l\000-\000F\000r\000e\000q\000u\000e\000n\000c\000y\000\040\000C\000e\000p\000s\000t\000r\000u\000m}{section.16}% 226
\BOOKMARK [3][-]{subsubsection.16.3.1}{\376\377\000M\000e\000l\000-\000F\000r\000e\000q\000u\000e\000n\000c\000y\000\040\000C\000e\000p\000s\000t\000r\000a\000l\000\040\000C\000o\000e\000f\000f\000i\000c\000i\000e\000n\000t\000s\000\040\000\050\000M\000F\000C\000C\000s\000\051}{subsection.16.3}% 227
\BOOKMARK [2][-]{subsection.16.4}{\376\377\000A\000u\000d\000i\000o\000\040\000C\000o\000m\000p\000r\000e\000s\000s\000i\000o\000n\000\040\000\050\000P\000e\000r\000c\000e\000p\000t\000u\000a\000l\000\040\000C\000o\000d\000i\000n\000g\000\051}{section.16}% 228
\BOOKMARK [2][-]{subsection.16.5}{\376\377\000S\000p\000e\000e\000c\000h\000\040\000R\000e\000c\000o\000g\000n\000i\000t\000i\000o\000n\000:\000\040\000F\000r\000o\000m\000\040\000H\000M\000M\000\040\000t\000o\000\040\000D\000e\000e\000p\000\040\000L\000e\000a\000r\000n\000i\000n\000g}{section.16}% 229
\BOOKMARK [2][-]{subsection.16.6}{\376\377\000M\000u\000s\000i\000c\000\040\000I\000n\000f\000o\000r\000m\000a\000t\000i\000o\000n\000\040\000R\000e\000t\000r\000i\000e\000v\000a\000l\000\040\000\050\000M\000I\000R\000\051}{section.16}% 230
\BOOKMARK [2][-]{subsection.16.7}{\376\377\000I\000n\000-\000D\000e\000p\000t\000h\000\040\000A\000n\000a\000l\000y\000s\000i\000s\000:\000\040\000S\000p\000e\000e\000c\000h\000\040\000S\000y\000n\000t\000h\000e\000s\000i\000s}{section.16}% 231
\BOOKMARK [2][-]{subsection.16.8}{\376\377\000I\000n\000-\000D\000e\000p\000t\000h\000\040\000A\000n\000a\000l\000y\000s\000i\000s\000:\000\040\000L\000P\000C\000\040\000A\000n\000a\000l\000y\000s\000i\000s}{section.16}% 232
\BOOKMARK [2][-]{subsection.16.9}{\376\377\000I\000n\000-\000D\000e\000p\000t\000h\000\040\000A\000n\000a\000l\000y\000s\000i\000s\000:\000\040\000P\000s\000y\000c\000h\000o\000a\000c\000o\000u\000s\000t\000i\000c\000s}{section.16}% 233
\BOOKMARK [2][-]{subsection.16.10}{\376\377\000I\000n\000-\000D\000e\000p\000t\000h\000\040\000A\000n\000a\000l\000y\000s\000i\000s\000:\000\040\000M\000P\0003}{section.16}% 234
\BOOKMARK [1][-]{section.17}{\376\377\000M\000a\000c\000h\000i\000n\000e\000\040\000L\000e\000a\000r\000n\000i\000n\000g\000\040\000i\000n\000\040\000S\000i\000g\000n\000a\000l\000\040\000P\000r\000o\000c\000e\000s\000s\000i\000n\000g}{}% 235
\BOOKMARK [2][-]{subsection.17.1}{\376\377\000L\000e\000a\000r\000n\000e\000d\000\040\000P\000h\000y\000s\000i\000c\000a\000l\000\040\000L\000a\000y\000e\000r\000s}{section.17}% 236
\BOOKMARK [2][-]{subsection.17.2}{\376\377\000S\000i\000g\000n\000a\000l\000\040\000C\000l\000a\000s\000s\000i\000f\000i\000c\000a\000t\000i\000o\000n\000\040\000w\000i\000t\000h\000\040\000C\000N\000N\000s}{section.17}% 237
\BOOKMARK [2][-]{subsection.17.3}{\376\377\000D\000e\000e\000p\000\040\000L\000e\000a\000r\000n\000i\000n\000g\000\040\000f\000o\000r\000\040\000B\000e\000a\000m\000f\000o\000r\000m\000i\000n\000g}{section.17}% 238
\BOOKMARK [2][-]{subsection.17.4}{\376\377\000G\000e\000n\000e\000r\000a\000t\000i\000v\000e\000\040\000M\000o\000d\000e\000l\000s\000\040\000f\000o\000r\000\040\000C\000h\000a\000n\000n\000e\000l\000\040\000M\000o\000d\000e\000l\000i\000n\000g}{section.17}% 239
\BOOKMARK [2][-]{subsection.17.5}{\376\377\000C\000h\000a\000l\000l\000e\000n\000g\000e\000s\000\040\000a\000n\000d\000\040\000F\000u\000t\000u\000r\000e\000\040\000D\000i\000r\000e\000c\000t\000i\000o\000n\000s}{section.17}% 240
\BOOKMARK [2][-]{subsection.17.6}{\376\377\000I\000n\000-\000D\000e\000p\000t\000h\000\040\000A\000n\000a\000l\000y\000s\000i\000s\000:\000\040\000D\000e\000e\000p\000\040\000L\000e\000a\000r\000n\000i\000n\000g}{section.17}% 241
\BOOKMARK [2][-]{subsection.17.7}{\376\377\000I\000n\000-\000D\000e\000p\000t\000h\000\040\000A\000n\000a\000l\000y\000s\000i\000s\000:\000\040\000A\000u\000t\000o\000e\000n\000c\000o\000d\000e\000r\000s}{section.17}% 242
\BOOKMARK [2][-]{subsection.17.8}{\376\377\000I\000n\000-\000D\000e\000p\000t\000h\000\040\000A\000n\000a\000l\000y\000s\000i\000s\000:\000\040\000C\000N\000N\000\040\000f\000o\000r\000\040\000S\000i\000g\000n\000a\000l\000s}{section.17}% 243
\BOOKMARK [2][-]{subsection.17.9}{\376\377\000I\000n\000-\000D\000e\000p\000t\000h\000\040\000A\000n\000a\000l\000y\000s\000i\000s\000:\000\040\000R\000N\000N}{section.17}% 244
\BOOKMARK [1][-]{section.18}{\376\377\000E\000t\000h\000i\000c\000a\000l\000\040\000a\000n\000d\000\040\000S\000o\000c\000i\000a\000l\000\040\000I\000m\000p\000l\000i\000c\000a\000t\000i\000o\000n\000s}{}% 245
\BOOKMARK [2][-]{subsection.18.1}{\376\377\000P\000r\000i\000v\000a\000c\000y\000\040\000a\000n\000d\000\040\000S\000u\000r\000v\000e\000i\000l\000l\000a\000n\000c\000e}{section.18}% 246
\BOOKMARK [2][-]{subsection.18.2}{\376\377\000S\000p\000e\000c\000t\000r\000u\000m\000\040\000E\000q\000u\000i\000t\000y}{section.18}% 247
\BOOKMARK [2][-]{subsection.18.3}{\376\377\000E\000n\000v\000i\000r\000o\000n\000m\000e\000n\000t\000a\000l\000\040\000I\000m\000p\000a\000c\000t}{section.18}% 248
\BOOKMARK [2][-]{subsection.18.4}{\376\377\000S\000e\000c\000u\000r\000i\000t\000y\000\040\000a\000n\000d\000\040\000R\000e\000s\000i\000l\000i\000e\000n\000c\000e}{section.18}% 249
\BOOKMARK [2][-]{subsection.18.5}{\376\377\000T\000h\000e\000\040\000D\000i\000g\000i\000t\000a\000l\000\040\000D\000i\000v\000i\000d\000e}{section.18}% 250
\BOOKMARK [2][-]{subsection.18.6}{\376\377\000I\000n\000-\000D\000e\000p\000t\000h\000\040\000A\000n\000a\000l\000y\000s\000i\000s\000:\000\040\000P\000r\000i\000v\000a\000c\000y}{section.18}% 251
\BOOKMARK [2][-]{subsection.18.7}{\376\377\000I\000n\000-\000D\000e\000p\000t\000h\000\040\000A\000n\000a\000l\000y\000s\000i\000s\000:\000\040\000B\000i\000a\000s\000\040\000i\000n\000\040\000A\000l\000g\000o\000r\000i\000t\000h\000m\000s}{section.18}% 252
\BOOKMARK [2][-]{subsection.18.8}{\376\377\000I\000n\000-\000D\000e\000p\000t\000h\000\040\000A\000n\000a\000l\000y\000s\000i\000s\000:\000\040\000D\000e\000e\000p\000f\000a\000k\000e\000s}{section.18}% 253
\BOOKMARK [2][-]{subsection.18.9}{\376\377\000I\000n\000-\000D\000e\000p\000t\000h\000\040\000A\000n\000a\000l\000y\000s\000i\000s\000:\000\040\000S\000u\000r\000v\000e\000i\000l\000l\000a\000n\000c\000e}{section.18}% 254
\BOOKMARK [1][-]{appendix.A}{\376\377\000M\000a\000t\000h\000e\000m\000a\000t\000i\000c\000a\000l\000\040\000A\000p\000p\000e\000n\000d\000i\000c\000e\000s}{}% 255
\BOOKMARK [2][-]{subsection.A.1}{\376\377\000F\000o\000u\000r\000i\000e\000r\000\040\000T\000r\000a\000n\000s\000f\000o\000r\000m\000\040\000P\000r\000o\000p\000e\000r\000t\000i\000e\000s}{appendix.A}% 256
\BOOKMARK [2][-]{subsection.A.2}{\376\377\000P\000r\000o\000b\000a\000b\000i\000l\000i\000t\000y\000\040\000D\000i\000s\000t\000r\000i\000b\000u\000t\000i\000o\000n\000s\000\040\000i\000n\000\040\000C\000o\000m\000m\000u\000n\000i\000c\000a\000t\000i\000o\000n}{appendix.A}% 257
\BOOKMARK [3][-]{subsubsection.A.2.1}{\376\377\000G\000a\000u\000s\000s\000i\000a\000n\000\040\000\050\000N\000o\000r\000m\000a\000l\000\051\000\040\000D\000i\000s\000t\000r\000i\000b\000u\000t\000i\000o\000n}{subsection.A.2}% 258
\BOOKMARK [3][-]{subsubsection.A.2.2}{\376\377\000R\000a\000y\000l\000e\000i\000g\000h\000\040\000D\000i\000s\000t\000r\000i\000b\000u\000t\000i\000o\000n}{subsection.A.2}% 259
\BOOKMARK [3][-]{subsubsection.A.2.3}{\376\377\000R\000i\000c\000i\000a\000n\000\040\000D\000i\000s\000t\000r\000i\000b\000u\000t\000i\000o\000n}{subsection.A.2}% 260
\BOOKMARK [2][-]{subsection.A.3}{\376\377\000C\000o\000m\000m\000o\000n\000\040\000I\000d\000e\000n\000t\000i\000t\000i\000e\000s\000\040\000a\000n\000d\000\040\000S\000u\000m\000s}{appendix.A}% 261
\BOOKMARK [2][-]{subsection.A.4}{\376\377\000D\000e\000r\000i\000v\000a\000t\000i\000o\000n\000\040\000o\000f\000\040\000t\000h\000e\000\040\000M\000a\000t\000c\000h\000e\000d\000\040\000F\000i\000l\000t\000e\000r\000\040\000S\000N\000R}{appendix.A}% 262
